{"name":"searchProduct","status":"broken","statusDetails":{"known":false,"muted":false,"flaky":false,"message":"Keys to send should be a not null CharSequence","trace":"java.lang.IllegalArgumentException: Keys to send should be a not null CharSequence\r\n\tat org.openqa.selenium.remote.RemoteWebElement.sendKeys(RemoteWebElement.java:97)\r\n\tat PageObject.MainPage.insertproduct_insearchbar(MainPage.java:41)\r\n\tat MainTest.searchProduct(MainTest.java:24)\r\n\tat sun.reflect.NativeMethodAccessorImpl.invoke0(Native Method)\r\n\tat sun.reflect.NativeMethodAccessorImpl.invoke(NativeMethodAccessorImpl.java:62)\r\n\tat sun.reflect.DelegatingMethodAccessorImpl.invoke(DelegatingMethodAccessorImpl.java:43)\r\n\tat java.lang.reflect.Method.invoke(Method.java:498)\r\n\tat org.testng.internal.MethodInvocationHelper.invokeMethod(MethodInvocationHelper.java:134)\r\n\tat org.testng.internal.TestInvoker.invokeMethod(TestInvoker.java:597)\r\n\tat org.testng.internal.TestInvoker.invokeTestMethod(TestInvoker.java:173)\r\n\tat org.testng.internal.MethodRunner.runInSequence(MethodRunner.java:46)\r\n\tat org.testng.internal.TestInvoker$MethodInvocationAgent.invoke(TestInvoker.java:816)\r\n\tat org.testng.internal.TestInvoker.invokeTestMethods(TestInvoker.java:146)\r\n\tat org.testng.internal.TestMethodWorker.invokeTestMethods(TestMethodWorker.java:146)\r\n\tat org.testng.internal.TestMethodWorker.run(TestMethodWorker.java:128)\r\n\tat java.util.ArrayList.forEach(ArrayList.java:1257)\r\n\tat org.testng.TestRunner.privateRun(TestRunner.java:766)\r\n\tat org.testng.TestRunner.run(TestRunner.java:587)\r\n\tat org.testng.SuiteRunner.runTest(SuiteRunner.java:384)\r\n\tat org.testng.SuiteRunner.runSequentially(SuiteRunner.java:378)\r\n\tat org.testng.SuiteRunner.privateRun(SuiteRunner.java:337)\r\n\tat org.testng.SuiteRunner.run(SuiteRunner.java:286)\r\n\tat org.testng.SuiteRunnerWorker.runSuite(SuiteRunnerWorker.java:53)\r\n\tat org.testng.SuiteRunnerWorker.run(SuiteRunnerWorker.java:96)\r\n\tat org.testng.TestNG.runSuitesSequentially(TestNG.java:1187)\r\n\tat org.testng.TestNG.runSuitesLocally(TestNG.java:1109)\r\n\tat org.testng.TestNG.runSuites(TestNG.java:1039)\r\n\tat org.testng.TestNG.run(TestNG.java:1007)\r\n\tat com.intellij.rt.testng.IDEARemoteTestNG.run(IDEARemoteTestNG.java:66)\r\n\tat com.intellij.rt.testng.RemoteTestNGStarter.main(RemoteTestNGStarter.java:110)\r\n"},"stage":"finished","description":"This method allows search a product","steps":[{"name":"insertproduct_insearchbar","status":"broken","statusDetails":{"known":false,"muted":false,"flaky":false,"message":"Keys to send should be a not null CharSequence","trace":"java.lang.IllegalArgumentException: Keys to send should be a not null CharSequence\r\n\tat org.openqa.selenium.remote.RemoteWebElement.sendKeys(RemoteWebElement.java:97)\r\n\tat PageObject.MainPage.insertproduct_insearchbar(MainPage.java:41)\r\n\tat MainTest.searchProduct(MainTest.java:24)\r\n\tat sun.reflect.NativeMethodAccessorImpl.invoke0(Native Method)\r\n\tat sun.reflect.NativeMethodAccessorImpl.invoke(NativeMethodAccessorImpl.java:62)\r\n\tat sun.reflect.DelegatingMethodAccessorImpl.invoke(DelegatingMethodAccessorImpl.java:43)\r\n\tat java.lang.reflect.Method.invoke(Method.java:498)\r\n\tat org.testng.internal.MethodInvocationHelper.invokeMethod(MethodInvocationHelper.java:134)\r\n\tat org.testng.internal.TestInvoker.invokeMethod(TestInvoker.java:597)\r\n\tat org.testng.internal.TestInvoker.invokeTestMethod(TestInvoker.java:173)\r\n\tat org.testng.internal.MethodRunner.runInSequence(MethodRunner.java:46)\r\n\tat org.testng.internal.TestInvoker$MethodInvocationAgent.invoke(TestInvoker.java:816)\r\n\tat org.testng.internal.TestInvoker.invokeTestMethods(TestInvoker.java:146)\r\n\tat org.testng.internal.TestMethodWorker.invokeTestMethods(TestMethodWorker.java:146)\r\n\tat org.testng.internal.TestMethodWorker.run(TestMethodWorker.java:128)\r\n\tat java.util.ArrayList.forEach(ArrayList.java:1257)\r\n\tat org.testng.TestRunner.privateRun(TestRunner.java:766)\r\n\tat org.testng.TestRunner.run(TestRunner.java:587)\r\n\tat org.testng.SuiteRunner.runTest(SuiteRunner.java:384)\r\n\tat org.testng.SuiteRunner.runSequentially(SuiteRunner.java:378)\r\n\tat org.testng.SuiteRunner.privateRun(SuiteRunner.java:337)\r\n\tat org.testng.SuiteRunner.run(SuiteRunner.java:286)\r\n\tat org.testng.SuiteRunnerWorker.runSuite(SuiteRunnerWorker.java:53)\r\n\tat org.testng.SuiteRunnerWorker.run(SuiteRunnerWorker.java:96)\r\n\tat org.testng.TestNG.runSuitesSequentially(TestNG.java:1187)\r\n\tat org.testng.TestNG.runSuitesLocally(TestNG.java:1109)\r\n\tat org.testng.TestNG.runSuites(TestNG.java:1039)\r\n\tat org.testng.TestNG.run(TestNG.java:1007)\r\n\tat com.intellij.rt.testng.IDEARemoteTestNG.run(IDEARemoteTestNG.java:66)\r\n\tat com.intellij.rt.testng.RemoteTestNGStarter.main(RemoteTestNGStarter.java:110)\r\n"},"stage":"finished","steps":[],"attachments":[],"parameters":[{"name":"product","value":"null"}],"start":1593577249625,"stop":1593577249675}],"attachments":[],"parameters":[{"name":"product","value":"null"}],"start":1593577249329,"stop":1593577249692,"uuid":"2f534590-ede3-43c0-9777-a1cc17727a66","historyId":"e9c81cdfa1c580a646ae219cd41779c2","fullName":"MainTest.searchProduct","labels":[{"name":"package","value":"MainTest"},{"name":"testClass","value":"MainTest"},{"name":"testMethod","value":"searchProduct"},{"name":"parentSuite","value":"Default Suite"},{"name":"suite","value":"ProyectoFinal_V1"},{"name":"subSuite","value":"MainTest"},{"name":"host","value":"DESKTOP-63LBKRQ"},{"name":"thread","value":"19360@DESKTOP-63LBKRQ.main(1)"},{"name":"framework","value":"testng"},{"name":"language","value":"java"}],"links":[]}